<?xml version="1.0" encoding="UTF-8"?>
<testng-results skipped="0" failed="0" total="1" passed="1">
  <reporter-output>
    <line>
      <![CDATA[2016-03-08 14:44:40.047 ::  <i><b>Login to Fiori</b></i><br />]]>
    </line>
    <line>
      <![CDATA[2016-03-08 14:44:42.401 ::  <font size = 2 color="green"><b><u>Assert True - Application opened and loaded successfully</font></u></b><br />]]>
    </line>
    <line>
      <![CDATA[2016-03-08 14:45:02.357 :: Clicked Button [ <b>@FindBy: xpath = //div[contains(@class,'eula')]/footer/button/div/span[text()='I agree']/../..</b>]<br />]]>
    </line>
    <line>
      <![CDATA[2016-03-08 14:45:02.388 :: <i>Syncing to element [<b>@FindBy: xpath = //div[contains(@class,'eula')]/footer/button/div/span[text()='I agree']/../..</b> ] to be <b>HIDDEN</b> within [ <b>1</b> ] seconds.</i><br />]]>
    </line>
    <line>
      <![CDATA[2016-03-08 14:45:03.712 :: Clicked Button [ <b>@FindBy: xpath = //div[contains(@class,'eula')]/footer/button/div/span[text()='I agree']/../..</b>]<br />]]>
    </line>
    <line>
      <![CDATA[2016-03-08 14:45:03.76 :: <i>Syncing to element [<b>@FindBy: xpath = //div[contains(@class,'eula')]/footer/button/div/span[text()='I agree']/../..</b> ] to be <b>HIDDEN</b> within [ <b>1</b> ] seconds.</i><br />]]>
    </line>
    <line>
      <![CDATA[2016-03-08 14:45:05.261 :: <i> Syncing to element [ <b>@FindBy: xpath = //div[contains(@title,'Create Sales Order')]</b> ] to be <b>PRESENT</b> in DOM within [ 60 ] seconds.</i><br />]]>
    </line>
    <line>
      <![CDATA[2016-03-08 14:45:07.453 :: Clicked Button [ <b>@FindBy: xpath = //div[contains(@title,'Create Sales Order')]</b>]<br />]]>
    </line>
    <line>
      <![CDATA[2016-03-08 14:45:07.493 :: <i>Syncing to CSS Property [<b>display</b> ] to contain [<b>block</b> ] in element [<b>@FindBy: id = loadingDialog</b> ] to be displayed within [ <b>3</b> ] seconds.</i><br />]]>
    </line>
    <line>
      <![CDATA[2016-03-08 14:45:07.605 :: <i>Syncing to CSS Property [<b>display</b> ] to contain [<b>none</b> ] in element [<b>@FindBy: id = loadingDialog</b> ] to be displayed within [ <b>60</b> ] seconds.</i><br />]]>
    </line>
    <line>
      <![CDATA[2016-03-08 14:45:10.296 :: <i>Syncing to text [<b>Select Customer</b> ] in element [<b>@FindBy: xpath = //div[@role='dialog']/header</b> ] to be displayed within [ <b>60</b> ] seconds.</i><br />]]>
    </line>
    <line>
      <![CDATA[2016-03-08 14:45:10.422 ::  <font size = 2 color="green"><b><u>Assert True - Loaded Create Sales Order - Select Customer successfully</font></u></b><br />]]>
    </line>
    <line>
      <![CDATA[2016-03-08 14:45:10.519 ::  Clear text from Element [ <b>@FindBy: xpath = //input[@type='search'] </b> ]<br />]]>
    </line>
    <line>
      <![CDATA[2016-03-08 14:45:10.907 ::  Send Keys [ <b>Becker Berlin</b> ] to Textbox [ <b>@FindBy: xpath = //input[@type='search'] </b> ]<br />]]>
    </line>
    <line>
      <![CDATA[2016-03-08 14:45:11.406 :: <i>Syncing to element [<b>@FindBy: xpath = //div[contains(@class,'sapMSplitContainerMaster')]/.//label[contains(@id,'MasterListHeaderTitle')]</b> ] to be <b>VISIBLE<b> within [ 60 ] seconds.</i><br />]]>
    </line>
    <line>
      <![CDATA[2016-03-08 14:45:11.537 ::  <font size = 2 color="green"><b><u>Assert True - Loaded Sales Order Page successfully</font></u></b><br />]]>
    </line>
    <line>
      <![CDATA[2016-03-08 14:45:11.577 :: <i>Syncing to text [<b>Becker Berlin</b> ] in element [<b>@FindBy: xpath = //div[contains(@class,'sapMSplitContainerMaster')]/.//label[contains(@id,'MasterListHeaderTitle')]</b> ] to be displayed within [ <b>60</b> ] seconds.</i><br />]]>
    </line>
    <line>
      <![CDATA[2016-03-08 14:45:11.669 ::  <font size = 2 color="green"><b><u>Assert True - Loaded Customer to Sales Order Page successfully</font></u></b><br />]]>
    </line>
    <line>
      <![CDATA[2016-03-08 14:45:11.878 :: Clicked Button [ <b>@FindBy: xpath = //div[contains(@class,'sapMSplitContainerMaster')]/.//li[contains(@id,'PRODUCTS')]</b>]<br />]]>
    </line>
    <line>
      <![CDATA[2016-03-08 14:45:13.744 :: <i>Syncing to text [<b>Products</b> ] in element [<b>@FindBy: xpath = //div[contains(@class,'sapMSplitContainerMaster')]/.//label[contains(@id,'MasterListHeaderTitle')]</b> ] to be displayed within [ <b>60</b> ] seconds.</i><br />]]>
    </line>
    <line>
      <![CDATA[2016-03-08 14:45:14.881 :: <i>Syncing to text [<b>Sunny Sunny</b> ] in element [<b>@FindBy: xpath = //div[contains(@class,'sapMSplitContainerDetail')]/.//section[contains(@id,'ProductDetail-cont')]/.//div[contains(@id,'header-titleText-inner')]</b> ] to be displayed within [ <b>60</b> ] seconds.</i><br />]]>
    </line>
    <line>
      <![CDATA[2016-03-08 14:45:15.814 :: <i>Syncing to text regular expression [<b>Standard</b> ] in element [<b>@FindBy: xpath = tbody/tr[1]/td[2]|tbody/tr[1]/th[2]|tr[1]/td[2]|tr[1]/th[2]</b> ] to be displayed within [ <b>1</b> ] seconds.</i><br />]]>
    </line>
    <line>
      <![CDATA[2016-03-08 14:45:15.992 ::  <font size = 2 color="green"><b><u>Assert True - Price Class of [Standard] matched as expected</font></u></b><br />]]>
    </line>
    <line>
      <![CDATA[2016-03-08 14:45:16.719 :: <i>Syncing to text regular expression [<b>Sony</b> ] in element [<b>@FindBy: xpath = tbody/tr[2]/td[2]|tbody/tr[2]/th[2]|tr[2]/td[2]|tr[2]/th[2]</b> ] to be displayed within [ <b>1</b> ] seconds.</i><br />]]>
    </line>
    <line>
      <![CDATA[2016-03-08 14:45:16.843 ::  <font size = 2 color="green"><b><u>Assert True - Manufacturer of [Sony] matched as expected</font></u></b><br />]]>
    </line>
    <line>
      <![CDATA[2016-03-08 14:45:17.32 :: <i>Syncing to text regular expression [<b>14 inch</b> ] in element [<b>@FindBy: xpath = tbody/tr[3]/td[2]|tbody/tr[3]/th[2]|tr[3]/td[2]|tr[3]/th[2]</b> ] to be displayed within [ <b>1</b> ] seconds.</i><br />]]>
    </line>
    <line>
      <![CDATA[2016-03-08 14:45:17.42 ::  <font size = 2 color="green"><b><u>Assert True - Screen Size of [14 inch] matched as expected</font></u></b><br />]]>
    </line>
    <line>
      <![CDATA[2016-03-08 14:45:18.016 :: <i>Syncing to text regular expression [<b>1024 x 768</b> ] in element [<b>@FindBy: xpath = tbody/tr[4]/td[2]|tbody/tr[4]/th[2]|tr[4]/td[2]|tr[4]/th[2]</b> ] to be displayed within [ <b>1</b> ] seconds.</i><br />]]>
    </line>
    <line>
      <![CDATA[2016-03-08 14:45:18.12 ::  <font size = 2 color="green"><b><u>Assert True - Frequency of [1024 x 768] matched as expected</font></u></b><br />]]>
    </line>
    <line>
      <![CDATA[2016-03-08 14:45:18.952 :: <i>Syncing to text regular expression [<b>0.2800000000000000</b> ] in element [<b>@FindBy: xpath = tbody/tr[5]/td[2]|tbody/tr[5]/th[2]|tr[5]/td[2]|tr[5]/th[2]</b> ] to be displayed within [ <b>1</b> ] seconds.</i><br />]]>
    </line>
    <line>
      <![CDATA[2016-03-08 14:45:19.061 ::  <font size = 2 color="green"><b><u>Assert True - Dot pitch of [0.2800000000000000] matched as expected</font></u></b><br />]]>
    </line>
    <line>
      <![CDATA[2016-03-08 14:45:19.888 :: <i>Syncing to text regular expression [<b>48.000000000000000</b> ] in element [<b>@FindBy: xpath = tbody/tr[6]/td[2]|tbody/tr[6]/th[2]|tr[6]/td[2]|tr[6]/th[2]</b> ] to be displayed within [ <b>1</b> ] seconds.</i><br />]]>
    </line>
    <line>
      <![CDATA[2016-03-08 14:45:19.988 ::  <font size = 2 color="green"><b><u>Assert True - Horizontal Frequency of [48.000000000000000] matched as expected</font></u></b><br />]]>
    </line>
  </reporter-output>
  <suite name="TestingRadioGroups" duration-ms="48056" started-at="2016-03-08T19:44:32Z" finished-at="2016-03-08T19:45:20Z">
    <groups>
    </groups>
    <test name="TestingRadioGroups" duration-ms="48056" started-at="2016-03-08T19:44:32Z" finished-at="2016-03-08T19:45:20Z">
      <class name="com.fiori.Sandbox">
        <test-method status="PASS" signature="setup(java.lang.String, java.lang.String, java.lang.String, java.lang.String, java.lang.String)[pri:0, instance:com.fiori.Sandbox@328e6de9]" name="setup" is-config="true" duration-ms="7383" started-at="2016-03-08T14:44:32Z" finished-at="2016-03-08T14:44:39Z">
          <params>
            <param index="0">
              <value>
                <![CDATA[local]]>
              </value>
            </param>
            <param index="1">
              <value>
                <![CDATA[firefox]]>
              </value>
            </param>
            <param index="2">
              <value>
                <![CDATA[]]>
              </value>
            </param>
            <param index="3">
              <value>
                <![CDATA[windows 10]]>
              </value>
            </param>
            <param index="4">
              <value>
                <![CDATA[demo]]>
              </value>
            </param>
          </params>
          <reporter-output>
          </reporter-output>
        </test-method> <!-- setup -->
        <test-method status="PASS" signature="testLogin()[pri:0, instance:com.fiori.Sandbox@328e6de9]" name="testLogin" duration-ms="39968" started-at="2016-03-08T14:44:40Z" finished-at="2016-03-08T14:45:19Z">
          <reporter-output>
            <line>
              <![CDATA[2016-03-08 14:44:40.047 ::  <i><b>Login to Fiori</b></i><br />]]>
            </line>
            <line>
              <![CDATA[2016-03-08 14:44:42.401 ::  <font size = 2 color="green"><b><u>Assert True - Application opened and loaded successfully</font></u></b><br />]]>
            </line>
            <line>
              <![CDATA[2016-03-08 14:45:02.357 :: Clicked Button [ <b>@FindBy: xpath = //div[contains(@class,'eula')]/footer/button/div/span[text()='I agree']/../..</b>]<br />]]>
            </line>
            <line>
              <![CDATA[2016-03-08 14:45:02.388 :: <i>Syncing to element [<b>@FindBy: xpath = //div[contains(@class,'eula')]/footer/button/div/span[text()='I agree']/../..</b> ] to be <b>HIDDEN</b> within [ <b>1</b> ] seconds.</i><br />]]>
            </line>
            <line>
              <![CDATA[2016-03-08 14:45:03.712 :: Clicked Button [ <b>@FindBy: xpath = //div[contains(@class,'eula')]/footer/button/div/span[text()='I agree']/../..</b>]<br />]]>
            </line>
            <line>
              <![CDATA[2016-03-08 14:45:03.76 :: <i>Syncing to element [<b>@FindBy: xpath = //div[contains(@class,'eula')]/footer/button/div/span[text()='I agree']/../..</b> ] to be <b>HIDDEN</b> within [ <b>1</b> ] seconds.</i><br />]]>
            </line>
            <line>
              <![CDATA[2016-03-08 14:45:05.261 :: <i> Syncing to element [ <b>@FindBy: xpath = //div[contains(@title,'Create Sales Order')]</b> ] to be <b>PRESENT</b> in DOM within [ 60 ] seconds.</i><br />]]>
            </line>
            <line>
              <![CDATA[2016-03-08 14:45:07.453 :: Clicked Button [ <b>@FindBy: xpath = //div[contains(@title,'Create Sales Order')]</b>]<br />]]>
            </line>
            <line>
              <![CDATA[2016-03-08 14:45:07.493 :: <i>Syncing to CSS Property [<b>display</b> ] to contain [<b>block</b> ] in element [<b>@FindBy: id = loadingDialog</b> ] to be displayed within [ <b>3</b> ] seconds.</i><br />]]>
            </line>
            <line>
              <![CDATA[2016-03-08 14:45:07.605 :: <i>Syncing to CSS Property [<b>display</b> ] to contain [<b>none</b> ] in element [<b>@FindBy: id = loadingDialog</b> ] to be displayed within [ <b>60</b> ] seconds.</i><br />]]>
            </line>
            <line>
              <![CDATA[2016-03-08 14:45:10.296 :: <i>Syncing to text [<b>Select Customer</b> ] in element [<b>@FindBy: xpath = //div[@role='dialog']/header</b> ] to be displayed within [ <b>60</b> ] seconds.</i><br />]]>
            </line>
            <line>
              <![CDATA[2016-03-08 14:45:10.422 ::  <font size = 2 color="green"><b><u>Assert True - Loaded Create Sales Order - Select Customer successfully</font></u></b><br />]]>
            </line>
            <line>
              <![CDATA[2016-03-08 14:45:10.519 ::  Clear text from Element [ <b>@FindBy: xpath = //input[@type='search'] </b> ]<br />]]>
            </line>
            <line>
              <![CDATA[2016-03-08 14:45:10.907 ::  Send Keys [ <b>Becker Berlin</b> ] to Textbox [ <b>@FindBy: xpath = //input[@type='search'] </b> ]<br />]]>
            </line>
            <line>
              <![CDATA[2016-03-08 14:45:11.406 :: <i>Syncing to element [<b>@FindBy: xpath = //div[contains(@class,'sapMSplitContainerMaster')]/.//label[contains(@id,'MasterListHeaderTitle')]</b> ] to be <b>VISIBLE<b> within [ 60 ] seconds.</i><br />]]>
            </line>
            <line>
              <![CDATA[2016-03-08 14:45:11.537 ::  <font size = 2 color="green"><b><u>Assert True - Loaded Sales Order Page successfully</font></u></b><br />]]>
            </line>
            <line>
              <![CDATA[2016-03-08 14:45:11.577 :: <i>Syncing to text [<b>Becker Berlin</b> ] in element [<b>@FindBy: xpath = //div[contains(@class,'sapMSplitContainerMaster')]/.//label[contains(@id,'MasterListHeaderTitle')]</b> ] to be displayed within [ <b>60</b> ] seconds.</i><br />]]>
            </line>
            <line>
              <![CDATA[2016-03-08 14:45:11.669 ::  <font size = 2 color="green"><b><u>Assert True - Loaded Customer to Sales Order Page successfully</font></u></b><br />]]>
            </line>
            <line>
              <![CDATA[2016-03-08 14:45:11.878 :: Clicked Button [ <b>@FindBy: xpath = //div[contains(@class,'sapMSplitContainerMaster')]/.//li[contains(@id,'PRODUCTS')]</b>]<br />]]>
            </line>
            <line>
              <![CDATA[2016-03-08 14:45:13.744 :: <i>Syncing to text [<b>Products</b> ] in element [<b>@FindBy: xpath = //div[contains(@class,'sapMSplitContainerMaster')]/.//label[contains(@id,'MasterListHeaderTitle')]</b> ] to be displayed within [ <b>60</b> ] seconds.</i><br />]]>
            </line>
            <line>
              <![CDATA[2016-03-08 14:45:14.881 :: <i>Syncing to text [<b>Sunny Sunny</b> ] in element [<b>@FindBy: xpath = //div[contains(@class,'sapMSplitContainerDetail')]/.//section[contains(@id,'ProductDetail-cont')]/.//div[contains(@id,'header-titleText-inner')]</b> ] to be displayed within [ <b>60</b> ] seconds.</i><br />]]>
            </line>
            <line>
              <![CDATA[2016-03-08 14:45:15.814 :: <i>Syncing to text regular expression [<b>Standard</b> ] in element [<b>@FindBy: xpath = tbody/tr[1]/td[2]|tbody/tr[1]/th[2]|tr[1]/td[2]|tr[1]/th[2]</b> ] to be displayed within [ <b>1</b> ] seconds.</i><br />]]>
            </line>
            <line>
              <![CDATA[2016-03-08 14:45:15.992 ::  <font size = 2 color="green"><b><u>Assert True - Price Class of [Standard] matched as expected</font></u></b><br />]]>
            </line>
            <line>
              <![CDATA[2016-03-08 14:45:16.719 :: <i>Syncing to text regular expression [<b>Sony</b> ] in element [<b>@FindBy: xpath = tbody/tr[2]/td[2]|tbody/tr[2]/th[2]|tr[2]/td[2]|tr[2]/th[2]</b> ] to be displayed within [ <b>1</b> ] seconds.</i><br />]]>
            </line>
            <line>
              <![CDATA[2016-03-08 14:45:16.843 ::  <font size = 2 color="green"><b><u>Assert True - Manufacturer of [Sony] matched as expected</font></u></b><br />]]>
            </line>
            <line>
              <![CDATA[2016-03-08 14:45:17.32 :: <i>Syncing to text regular expression [<b>14 inch</b> ] in element [<b>@FindBy: xpath = tbody/tr[3]/td[2]|tbody/tr[3]/th[2]|tr[3]/td[2]|tr[3]/th[2]</b> ] to be displayed within [ <b>1</b> ] seconds.</i><br />]]>
            </line>
            <line>
              <![CDATA[2016-03-08 14:45:17.42 ::  <font size = 2 color="green"><b><u>Assert True - Screen Size of [14 inch] matched as expected</font></u></b><br />]]>
            </line>
            <line>
              <![CDATA[2016-03-08 14:45:18.016 :: <i>Syncing to text regular expression [<b>1024 x 768</b> ] in element [<b>@FindBy: xpath = tbody/tr[4]/td[2]|tbody/tr[4]/th[2]|tr[4]/td[2]|tr[4]/th[2]</b> ] to be displayed within [ <b>1</b> ] seconds.</i><br />]]>
            </line>
            <line>
              <![CDATA[2016-03-08 14:45:18.12 ::  <font size = 2 color="green"><b><u>Assert True - Frequency of [1024 x 768] matched as expected</font></u></b><br />]]>
            </line>
            <line>
              <![CDATA[2016-03-08 14:45:18.952 :: <i>Syncing to text regular expression [<b>0.2800000000000000</b> ] in element [<b>@FindBy: xpath = tbody/tr[5]/td[2]|tbody/tr[5]/th[2]|tr[5]/td[2]|tr[5]/th[2]</b> ] to be displayed within [ <b>1</b> ] seconds.</i><br />]]>
            </line>
            <line>
              <![CDATA[2016-03-08 14:45:19.061 ::  <font size = 2 color="green"><b><u>Assert True - Dot pitch of [0.2800000000000000] matched as expected</font></u></b><br />]]>
            </line>
            <line>
              <![CDATA[2016-03-08 14:45:19.888 :: <i>Syncing to text regular expression [<b>48.000000000000000</b> ] in element [<b>@FindBy: xpath = tbody/tr[6]/td[2]|tbody/tr[6]/th[2]|tr[6]/td[2]|tr[6]/th[2]</b> ] to be displayed within [ <b>1</b> ] seconds.</i><br />]]>
            </line>
            <line>
              <![CDATA[2016-03-08 14:45:19.988 ::  <font size = 2 color="green"><b><u>Assert True - Horizontal Frequency of [48.000000000000000] matched as expected</font></u></b><br />]]>
            </line>
          </reporter-output>
        </test-method> <!-- testLogin -->
        <test-method status="PASS" signature="closeSession(org.testng.ITestContext)[pri:0, instance:com.fiori.Sandbox@328e6de9]" name="closeSession" is-config="true" duration-ms="594" started-at="2016-03-08T14:45:20Z" finished-at="2016-03-08T14:45:20Z">
          <params>
            <param index="0">
              <value>
                <![CDATA[org.testng.TestRunner@1b7deeb7]]>
              </value>
            </param>
          </params>
          <reporter-output>
          </reporter-output>
        </test-method> <!-- closeSession -->
      </class> <!-- com.fiori.Sandbox -->
    </test> <!-- TestingRadioGroups -->
  </suite> <!-- TestingRadioGroups -->
</testng-results>
